<?xml version="1.0" encoding="UTF-8"?>
<testsuite name="com.bridgelabz.ParkingLotTest" tests="1" skipped="0" failures="0" errors="0" timestamp="2021-10-05T13:42:23" hostname="DESKTOP-5LTOQDU" time="0.043">
  <properties/>
  <testcase name="givenWhenParkingLotIsFull_ShouldInformTheSecurity()" classname="com.bridgelabz.ParkingLotTest" time="0.043"/>
  <system-out><![CDATA[]]></system-out>
  <system-err><![CDATA[]]></system-err>
</testsuite>
